<?xml version="1.0" encoding="UTF-8"?>
<testsuite name="Cucumber" time="0.14" tests="1" skipped="0" failures="0" errors="0">
<testcase classname="feature to test login functionality" name="Check login is successfull with valid credentials" time="0.01">
<system-out><![CDATA[
Given user is on login page.................................................passed
When user enters username and password......................................passed
And clicks on login button..................................................passed
Then user navigated to the home page........................................passed
]]></system-out>
</testcase>
</testsuite>
